[31merror[39m |  Nov-09-2021 15:14:11 | HUBO UN ERROR Failed to deserialize user out of session
[31merror[39m |  Nov-09-2021 15:15:45 | HUBO UN ERROR Failed to deserialize user out of session
[31merror[39m |  Nov-09-2021 15:22:18 | HUBO UN ERROR Failed to deserialize user out of session
[31merror[39m |  Nov-09-2021 15:22:24 | HUBO UN ERROR Failed to deserialize user out of session
[31merror[39m |  Nov-09-2021 15:22:31 | HUBO UN ERROR Failed to deserialize user out of session
[31merror[39m |  Nov-09-2021 15:46:05 | HUBO UN ERROR Cannot read property 'id' of undefined
[31merror[39m |  Nov-09-2021 19:37:54 | HUBO UN ERROR Unexpected string in JSON at position 209
[31merror[39m |  Nov-10-2021 15:25:24 | _gmail.GmailService is not a constructor
[31merror[39m |  Nov-10-2021 16:11:14 | HUBO UN ERROR Unexpected string in JSON at position 49
[31merror[39m |  Nov-11-2021 12:00:57 | Cannot destructure property 'username' of 'req.body' as it is undefined.
[31merror[39m |  Nov-11-2021 13:07:57 | _gmail.GmailService is not a constructor
[31merror[39m |  Dec-02-2021 19:25:58 | HUBO UN ERROR Unexpected token ' in JSON at position 40
[31merror[39m |  Dec-03-2021 16:48:40 | adress is not defined
[31merror[39m |  Dec-03-2021 17:15:50 | HUBO UN ERROR Unexpected end of JSON input
[31merror[39m |  Dec-03-2021 17:26:15 | Esta cuenta de email ya ha sido registrada: aaa@gmail.com
[31merror[39m |  Dec-03-2021 17:26:47 | done is not a function
[31merror[39m |  Dec-03-2021 17:27:29 | done is not a function
[31merror[39m |  Dec-03-2021 17:28:02 | done is not a function
[31merror[39m |  Dec-05-2021 19:56:13 | HUBO UN ERROR Unexpected token } in JSON at position 89
[31merror[39m |  Dec-05-2021 20:01:16 | data and hash arguments required
[31merror[39m |  Dec-05-2021 20:06:39 | done is not a function
[31merror[39m |  Dec-05-2021 20:07:26 | done is not a function
[31merror[39m |  Dec-05-2021 20:08:06 | done is not a function
[31merror[39m |  Dec-05-2021 20:12:16 | done is not a function
[31merror[39m |  Dec-05-2021 20:13:31 | done is not a function
[31merror[39m |  Dec-05-2021 20:15:59 | done is not a function
[31merror[39m |  Dec-05-2021 20:18:15 | done is not a function
[31merror[39m |  Dec-05-2021 20:21:33 | done is not a function
[31merror[39m |  Dec-05-2021 20:23:01 | done is not a function
[31merror[39m |  Dec-05-2021 20:25:18 | done is not a function
[31merror[39m |  Dec-05-2021 20:27:59 | done is not a function
[31merror[39m |  Dec-05-2021 20:36:16 | HUBO UN ERROR Unexpected token } in JSON at position 88
[31merror[39m |  Dec-06-2021 21:25:36 | HUBO UN ERROR Unexpected token a in JSON at position 21
[31merror[39m |  Dec-14-2021 14:51:30 | HUBO UN ERROR Unexpected end of JSON input
[31merror[39m |  Dec-18-2021 14:42:32 | HUBO UN ERROR Unexpected field
[31merror[39m |  Dec-22-2021 12:26:54 | carritos validation failed: direccion: Path `direccion` is required.
[31merror[39m |  Dec-22-2021 17:10:29 | HUBO UN ERROR undefined
[31merror[39m |  Dec-22-2021 18:23:29 | HUBO UN ERROR undefined
[31merror[39m |  Dec-22-2021 18:23:31 | HUBO UN ERROR undefined
[31merror[39m |  Dec-22-2021 18:23:33 | HUBO UN ERROR undefined
[31merror[39m |  Dec-22-2021 18:24:38 | HUBO UN ERROR undefined
[31merror[39m |  Dec-22-2021 18:25:26 | HUBO UN ERROR undefined
[31merror[39m |  Dec-22-2021 18:25:52 | HUBO UN ERROR undefined
[31merror[39m |  Dec-22-2021 18:26:01 | HUBO UN ERROR undefined
[31merror[39m |  Dec-22-2021 18:27:01 | HUBO UN ERROR undefined
[31merror[39m |  Dec-22-2021 18:27:46 | HUBO UN ERROR undefined
[31merror[39m |  Dec-22-2021 18:28:32 | HUBO UN ERROR undefined
[31merror[39m |  Dec-22-2021 18:28:36 | HUBO UN ERROR undefined
[31merror[39m |  Dec-22-2021 18:29:17 | HUBO UN ERROR undefined
[31merror[39m |  Dec-22-2021 21:30:02 | this.carrito.createCart is not a function
[31merror[39m |  Dec-22-2021 21:31:21 | this.carrito.createCart is not a function
[31merror[39m |  Dec-22-2021 21:34:51 | this.carrito.createCart is not a function
[31merror[39m |  Dec-30-2021 21:34:53 | Cannot access 'token' before initialization
[31merror[39m |  Dec-30-2021 22:19:56 | HUBO UN ERROR Cannot read property 'session' of undefined
[31merror[39m |  Dec-30-2021 22:20:39 | HUBO UN ERROR Cannot read property 'session' of undefined
[31merror[39m |  Jan-03-2022 15:52:53 | HUBO UN ERROR queryTxt ETIMEOUT cluster0.ixair.mongodb.net
[31merror[39m |  Jan-03-2022 15:52:53 | HUBO UN ERROR queryTxt ETIMEOUT cluster0.ixair.mongodb.net
[31merror[39m |  Jan-03-2022 15:52:53 | HUBO UN ERROR queryTxt ETIMEOUT cluster0.ixair.mongodb.net
[31merror[39m |  Jan-03-2022 15:52:55 | HUBO UN ERROR queryTxt ETIMEOUT cluster0.ixair.mongodb.net
[31merror[39m |  Jan-03-2022 15:52:56 | HUBO UN ERROR queryTxt ETIMEOUT cluster0.ixair.mongodb.net
[31merror[39m |  Jan-03-2022 16:10:39 | HUBO UN ERROR queryTxt ETIMEOUT cluster0.ixair.mongodb.net
[31merror[39m |  Jan-03-2022 16:10:39 | HUBO UN ERROR queryTxt ETIMEOUT cluster0.ixair.mongodb.net
[31merror[39m |  Jan-03-2022 16:10:39 | HUBO UN ERROR queryTxt ETIMEOUT cluster0.ixair.mongodb.net
[31merror[39m |  Jan-03-2022 16:10:39 | HUBO UN ERROR queryTxt ETIMEOUT cluster0.ixair.mongodb.net
[31merror[39m |  Jan-03-2022 16:10:39 | HUBO UN ERROR queryTxt ETIMEOUT cluster0.ixair.mongodb.net
